2025-03-29 01:53:14,252 - INFO - Store page rendered with 3 products
2025-03-29 01:53:16,057 - INFO - Cart page rendered with 3 items in the cart
2025-03-29 01:53:16,896 - INFO - Checkout page rendered with 3 items in the cart
2025-03-29 01:53:20,261 - INFO - Received data from Checkout: {'form': {'name': '”‰', 'email': 'ds@ds'}}
2025-03-31 23:24:53,459 - INFO - Store page rendered with 3 products
2025-03-31 23:24:54,702 - INFO - Cart page rendered with 1 items in the cart
2025-03-31 23:24:55,410 - INFO - Checkout page rendered with 1 items in the cart
2025-03-31 23:24:58,293 - INFO - Received data from Checkout: {'form': {'name': 'ew', 'email': 'ew@EW'}}
2025-03-31 23:27:40,189 - INFO - Received data from Checkout: {'form': {'name': 'ew', 'email': 'ew@EW'}}
2025-03-31 23:44:20,544 - INFO - Received data from Checkout: {'form': {'name': 'ew', 'email': 'ew@EW'}}
2025-03-31 23:53:56,262 - INFO - Received data from Checkout: {'form': {'name': 'ew', 'email': 'ew@EW'}}
2025-03-31 23:59:02,779 - INFO - Store page rendered with 3 products
2025-03-31 23:59:03,865 - INFO - Cart page rendered with 1 items in the cart
2025-03-31 23:59:04,944 - INFO - Checkout page rendered with 1 items in the cart
2025-03-31 23:59:08,286 - INFO - Received data from Checkout: {'form': {'name': '”‰', 'email': 'ds@ds'}}
2025-04-01 00:41:39,711 - INFO - Store page rendered with 3 products
2025-04-01 00:41:41,536 - INFO - Cart page rendered with 1 items in the cart
2025-04-01 00:41:42,423 - INFO - Checkout page rendered with 1 items in the cart
2025-04-01 00:41:45,641 - INFO - Received data from Checkout: {'form': {'name': '°À', 'email': 'ds@ds'}}
2025-04-01 00:43:12,374 - INFO - Received data from Checkout: {'form': {'name': '°À', 'email': 'ds@ds'}}
2025-04-01 00:44:13,181 - INFO - Received data from Checkout: {'form': {'name': '°À', 'email': 'ds@ds'}}
2025-04-01 00:54:31,291 - INFO - Webhook endpoint "/webhook/opn/" registered successfully
2025-04-01 00:54:31,291 - INFO - Received webhook request
2025-04-01 00:54:31,291 - INFO - Client IP: 127.0.0.1
2025-04-01 00:54:31,292 - WARNING - Signature missing
2025-04-01 00:54:31,292 - ERROR - Invalid Webhook Signature
2025-04-01 00:54:52,332 - INFO - Webhook endpoint "/webhook/opn/" registered successfully
2025-04-01 00:54:52,333 - INFO - Received webhook request
2025-04-01 00:54:52,333 - INFO - Client IP: 127.0.0.1
2025-04-01 00:54:52,333 - WARNING - Signature missing
2025-04-01 00:54:52,334 - ERROR - Invalid Webhook Signature
2025-04-01 01:40:00,763 - INFO - Store page rendered with 3 products
2025-04-01 01:40:01,961 - INFO - Cart page rendered with 1 items in the cart
2025-04-01 01:40:04,527 - INFO - Checkout page rendered with 1 items in the cart
2025-04-01 01:40:07,204 - INFO - Received data from Checkout: {'form': {'name': 'ds', 'email': 'ds@ds'}}
2025-04-01 01:41:06,812 - INFO - Store page rendered with 3 products
2025-04-01 01:41:08,126 - INFO - Cart page rendered with 1 items in the cart
2025-04-01 01:41:09,685 - INFO - Cart page rendered with 1 items in the cart
2025-04-01 01:41:10,117 - INFO - Checkout page rendered with 1 items in the cart
2025-04-01 01:41:12,692 - INFO - Received data from Checkout: {'form': {'name': 'ds', 'email': 'ds@ds'}}
2025-04-01 01:51:15,022 - INFO - Store page rendered with 3 products
2025-04-01 01:51:16,097 - INFO - Cart page rendered with 1 items in the cart
2025-04-01 01:51:16,688 - INFO - Checkout page rendered with 1 items in the cart
2025-04-01 01:51:19,533 - INFO - Received data from Checkout: {'form': {'name': 'ds', 'email': 'ds@ds'}}
2025-04-01 01:55:18,035 - INFO - Store page rendered with 3 products
2025-04-01 01:55:18,992 - INFO - Cart page rendered with 1 items in the cart
2025-04-01 01:55:19,609 - INFO - Checkout page rendered with 1 items in the cart
2025-04-01 01:55:24,277 - INFO - Received data from Checkout: {'form': {'name': '°À', 'email': 'ds@ds'}}
2025-04-01 02:52:00,624 - INFO - Store page rendered with 3 products
2025-04-01 02:52:02,859 - INFO - Cart page rendered with 1 items in the cart
2025-04-01 02:52:03,499 - INFO - Checkout page rendered with 1 items in the cart
2025-04-01 02:52:06,615 - INFO - Received data from Checkout: {'form': {'name': 'ds', 'email': 'ds@ds'}}
2025-04-01 02:59:28,945 - INFO - Received data from Checkout: {'form': {'name': 'ds', 'email': 'ds@ds'}}
2025-04-01 03:01:26,670 - INFO - Store page rendered with 3 products
2025-04-01 03:01:28,531 - INFO - Cart page rendered with 1 items in the cart
2025-04-01 03:01:29,418 - INFO - Checkout page rendered with 1 items in the cart
2025-04-01 03:01:33,448 - INFO - Received data from Checkout: {'form': {'name': '°À', 'email': 'ds@Ds'}}
2025-04-01 14:46:38,731 - INFO - Store page rendered with 3 products
2025-04-01 14:46:40,008 - INFO - Cart page rendered with 1 items in the cart
2025-04-01 14:46:40,889 - INFO - Checkout page rendered with 1 items in the cart
2025-04-01 14:46:44,231 - INFO - Received data from Checkout: {'form': {'name': 'ew', 'email': 'ew@ew'}}
2025-04-01 15:06:23,894 - INFO - Store page rendered with 3 products
2025-04-01 15:06:26,060 - INFO - Cart page rendered with 1 items in the cart
2025-04-01 15:06:26,874 - INFO - Checkout page rendered with 1 items in the cart
2025-04-01 15:06:30,137 - INFO - Received data from Checkout: {'form': {'name': '”‰', 'email': 'dws@ds'}}
2025-04-01 17:18:37,507 - INFO - Store page rendered with 3 products
2025-04-01 17:18:39,084 - INFO - Cart page rendered with 1 items in the cart
2025-04-02 12:07:16,006 - INFO - Store page rendered with 3 products
2025-04-02 12:07:17,018 - INFO - Cart page rendered with 1 items in the cart
2025-04-02 12:07:17,691 - INFO - Checkout page rendered with 1 items in the cart
2025-04-02 12:07:21,112 - INFO - Received data from Checkout: {'form': {'name': '°À', 'email': 'ds@dsd'}}
2025-04-02 13:58:31,996 - INFO - Store page rendered with 3 products
2025-04-02 13:58:33,212 - INFO - Cart page rendered with 1 items in the cart
2025-04-02 13:58:34,156 - INFO - Checkout page rendered with 1 items in the cart
2025-04-02 13:58:37,611 - INFO - Received data from Checkout: {'form': {'name': '”‰', 'email': 'ds@ds'}}
2025-04-02 20:08:49,604 - INFO - Store page rendered with 3 products
2025-04-02 20:09:08,621 - INFO - Cart page rendered with 1 items in the cart
2025-04-02 20:09:10,759 - INFO - Checkout page rendered with 1 items in the cart
2025-04-02 20:09:15,114 - INFO - Received data from Checkout: {'form': {'name': 'ds', 'email': 'ds@ds'}}
2025-04-02 20:09:53,790 - INFO - Received data from Checkout: {'form': {'name': 'ds', 'email': 'ds@ds'}}
2025-04-02 23:04:24,443 - INFO - Store page rendered with 3 products
2025-04-02 23:04:25,434 - INFO - Cart page rendered with 1 items in the cart
2025-04-02 23:04:26,321 - INFO - Checkout page rendered with 1 items in the cart
2025-04-02 23:04:29,672 - INFO - Received data from Checkout: {'form': {'name': '”‰', 'email': 'ds@ds'}}
2025-04-02 23:15:24,338 - INFO - Received data from Checkout: {'form': {'name': '”‰', 'email': 'ds@ds'}}
2025-04-02 23:32:00,181 - INFO - Store page rendered with 3 products
2025-04-02 23:32:03,954 - INFO - Store page rendered with 3 products
2025-04-02 23:32:05,494 - INFO - Cart page rendered with 1 items in the cart
2025-04-02 23:32:06,741 - INFO - Cart page rendered with 1 items in the cart
2025-04-02 23:32:07,305 - INFO - Checkout page rendered with 1 items in the cart
2025-04-02 23:32:11,007 - INFO - Received data from Checkout: {'form': {'name': '”‰', 'email': 'ds@ds'}}
